{"level":"warn","ts":"2024-03-21T13:49:13.601295+0800","caller":"embed/config.go:679","msg":"Running http and grpc server on single port. This is not recommended for production."}
{"level":"info","ts":"2024-03-21T13:49:13.60143+0800","caller":"etcdmain/etcd.go:73","msg":"Running: ","args":["/tmp/etcd-download-test/etcd"]}
{"level":"warn","ts":"2024-03-21T13:49:13.601461+0800","caller":"etcdmain/etcd.go:105","msg":"'data-dir' was empty; using default","data-dir":"default.etcd"}
{"level":"info","ts":"2024-03-21T13:49:13.60154+0800","caller":"etcdmain/etcd.go:116","msg":"server has been already initialized","data-dir":"default.etcd","dir-type":"member"}
{"level":"warn","ts":"2024-03-21T13:49:13.601562+0800","caller":"embed/config.go:679","msg":"Running http and grpc server on single port. This is not recommended for production."}
{"level":"info","ts":"2024-03-21T13:49:13.601572+0800","caller":"embed/etcd.go:127","msg":"configuring peer listeners","listen-peer-urls":["http://localhost:2380"]}
{"level":"info","ts":"2024-03-21T13:49:13.60297+0800","caller":"embed/etcd.go:135","msg":"configuring client listeners","listen-client-urls":["http://localhost:2379"]}
{"level":"info","ts":"2024-03-21T13:49:13.603279+0800","caller":"embed/etcd.go:308","msg":"starting an etcd server","etcd-version":"3.5.12","git-sha":"e7b3bb6cc","go-version":"go1.20.13","go-os":"linux","go-arch":"amd64","max-cpu-set":36,"max-cpu-available":36,"member-initialized":true,"name":"default","data-dir":"default.etcd","wal-dir":"","wal-dir-dedicated":"","member-dir":"default.etcd/member","force-new-cluster":false,"heartbeat-interval":"100ms","election-timeout":"1s","initial-election-tick-advance":true,"snapshot-count":100000,"max-wals":5,"max-snapshots":5,"snapshot-catchup-entries":5000,"initial-advertise-peer-urls":["http://localhost:2380"],"listen-peer-urls":["http://localhost:2380"],"advertise-client-urls":["http://localhost:2379"],"listen-client-urls":["http://localhost:2379"],"listen-metrics-urls":[],"cors":["*"],"host-whitelist":["*"],"initial-cluster":"","initial-cluster-state":"new","initial-cluster-token":"","quota-backend-bytes":2147483648,"max-request-bytes":1572864,"max-concurrent-streams":4294967295,"pre-vote":true,"initial-corrupt-check":false,"corrupt-check-time-interval":"0s","compact-check-time-enabled":false,"compact-check-time-interval":"1m0s","auto-compaction-mode":"periodic","auto-compaction-retention":"0s","auto-compaction-interval":"0s","discovery-url":"","discovery-proxy":"","downgrade-check-interval":"5s"}
{"level":"info","ts":"2024-03-21T13:49:13.610572+0800","caller":"etcdserver/backend.go:81","msg":"opened backend db","path":"default.etcd/member/snap/db","took":"6.884636ms"}
{"level":"info","ts":"2024-03-21T13:49:13.611035+0800","caller":"etcdserver/server.go:532","msg":"No snapshot found. Recovering WAL from scratch!"}
{"level":"info","ts":"2024-03-21T13:49:13.612542+0800","caller":"etcdserver/raft.go:530","msg":"restarting local member","cluster-id":"cdf818194e3a8c32","local-member-id":"8e9e05c52164694d","commit-index":4}
{"level":"info","ts":"2024-03-21T13:49:13.612648+0800","logger":"raft","caller":"etcdserver/zap_raft.go:77","msg":"8e9e05c52164694d switched to configuration voters=()"}
{"level":"info","ts":"2024-03-21T13:49:13.612697+0800","logger":"raft","caller":"etcdserver/zap_raft.go:77","msg":"8e9e05c52164694d became follower at term 2"}
{"level":"info","ts":"2024-03-21T13:49:13.612715+0800","logger":"raft","caller":"etcdserver/zap_raft.go:77","msg":"newRaft 8e9e05c52164694d [peers: [], term: 2, commit: 4, applied: 0, lastindex: 4, lastterm: 2]"}
{"level":"warn","ts":"2024-03-21T13:49:13.613392+0800","caller":"auth/store.go:1241","msg":"simple token is not cryptographically signed"}
{"level":"info","ts":"2024-03-21T13:49:13.615228+0800","caller":"mvcc/kvstore.go:407","msg":"kvstore restored","current-rev":1}
{"level":"info","ts":"2024-03-21T13:49:13.616144+0800","caller":"etcdserver/quota.go:94","msg":"enabled backend quota with default value","quota-name":"v3-applier","quota-size-bytes":2147483648,"quota-size":"2.1 GB"}
{"level":"info","ts":"2024-03-21T13:49:13.617076+0800","caller":"etcdserver/server.go:860","msg":"starting etcd server","local-member-id":"8e9e05c52164694d","local-server-version":"3.5.12","cluster-version":"to_be_decided"}
{"level":"info","ts":"2024-03-21T13:49:13.617211+0800","caller":"etcdserver/server.go:760","msg":"starting initial election tick advance","election-ticks":10}
{"level":"info","ts":"2024-03-21T13:49:13.617369+0800","caller":"fileutil/purge.go:50","msg":"started to purge file","dir":"default.etcd/member/snap","suffix":"snap.db","max":5,"interval":"30s"}
{"level":"info","ts":"2024-03-21T13:49:13.617448+0800","caller":"fileutil/purge.go:50","msg":"started to purge file","dir":"default.etcd/member/snap","suffix":"snap","max":5,"interval":"30s"}
{"level":"info","ts":"2024-03-21T13:49:13.617463+0800","caller":"fileutil/purge.go:50","msg":"started to purge file","dir":"default.etcd/member/wal","suffix":"wal","max":5,"interval":"30s"}
{"level":"info","ts":"2024-03-21T13:49:13.617623+0800","logger":"raft","caller":"etcdserver/zap_raft.go:77","msg":"8e9e05c52164694d switched to configuration voters=(10276657743932975437)"}
{"level":"info","ts":"2024-03-21T13:49:13.617698+0800","caller":"membership/cluster.go:421","msg":"added member","cluster-id":"cdf818194e3a8c32","local-member-id":"8e9e05c52164694d","added-peer-id":"8e9e05c52164694d","added-peer-peer-urls":["http://localhost:2380"]}
{"level":"info","ts":"2024-03-21T13:49:13.617848+0800","caller":"membership/cluster.go:584","msg":"set initial cluster version","cluster-id":"cdf818194e3a8c32","local-member-id":"8e9e05c52164694d","cluster-version":"3.5"}
{"level":"info","ts":"2024-03-21T13:49:13.617891+0800","caller":"api/capability.go:75","msg":"enabled capabilities for version","cluster-version":"3.5"}
{"level":"info","ts":"2024-03-21T13:49:13.62003+0800","caller":"embed/etcd.go:597","msg":"serving peer traffic","address":"127.0.0.1:2380"}
{"level":"info","ts":"2024-03-21T13:49:13.620047+0800","caller":"embed/etcd.go:569","msg":"cmux::serve","address":"127.0.0.1:2380"}
{"level":"info","ts":"2024-03-21T13:49:13.620049+0800","caller":"embed/etcd.go:277","msg":"now serving peer/client/metrics","local-member-id":"8e9e05c52164694d","initial-advertise-peer-urls":["http://localhost:2380"],"listen-peer-urls":["http://localhost:2380"],"advertise-client-urls":["http://localhost:2379"],"listen-client-urls":["http://localhost:2379"],"listen-metrics-urls":[]}
{"level":"info","ts":"2024-03-21T13:49:14.813347+0800","logger":"raft","caller":"etcdserver/zap_raft.go:77","msg":"8e9e05c52164694d is starting a new election at term 2"}
{"level":"info","ts":"2024-03-21T13:49:14.813398+0800","logger":"raft","caller":"etcdserver/zap_raft.go:77","msg":"8e9e05c52164694d became pre-candidate at term 2"}
{"level":"info","ts":"2024-03-21T13:49:14.813431+0800","logger":"raft","caller":"etcdserver/zap_raft.go:77","msg":"8e9e05c52164694d received MsgPreVoteResp from 8e9e05c52164694d at term 2"}
{"level":"info","ts":"2024-03-21T13:49:14.813448+0800","logger":"raft","caller":"etcdserver/zap_raft.go:77","msg":"8e9e05c52164694d became candidate at term 3"}
{"level":"info","ts":"2024-03-21T13:49:14.81346+0800","logger":"raft","caller":"etcdserver/zap_raft.go:77","msg":"8e9e05c52164694d received MsgVoteResp from 8e9e05c52164694d at term 3"}
{"level":"info","ts":"2024-03-21T13:49:14.813475+0800","logger":"raft","caller":"etcdserver/zap_raft.go:77","msg":"8e9e05c52164694d became leader at term 3"}
{"level":"info","ts":"2024-03-21T13:49:14.813489+0800","logger":"raft","caller":"etcdserver/zap_raft.go:77","msg":"raft.node: 8e9e05c52164694d elected leader 8e9e05c52164694d at term 3"}
{"level":"info","ts":"2024-03-21T13:49:14.814628+0800","caller":"etcdserver/server.go:2068","msg":"published local member to cluster through raft","local-member-id":"8e9e05c52164694d","local-member-attributes":"{Name:default ClientURLs:[http://localhost:2379]}","request-path":"/0/members/8e9e05c52164694d/attributes","cluster-id":"cdf818194e3a8c32","publish-timeout":"7s"}
{"level":"info","ts":"2024-03-21T13:49:14.814744+0800","caller":"embed/serve.go:103","msg":"ready to serve client requests"}
{"level":"info","ts":"2024-03-21T13:49:14.814825+0800","caller":"etcdmain/main.go:44","msg":"notifying init daemon"}
{"level":"info","ts":"2024-03-21T13:49:14.814858+0800","caller":"etcdmain/main.go:50","msg":"successfully notified init daemon"}
{"level":"info","ts":"2024-03-21T13:49:14.81579+0800","caller":"embed/serve.go:187","msg":"serving client traffic insecurely; this is strongly discouraged!","traffic":"grpc+http","address":"127.0.0.1:2379"}
